# JRE version: Java(TM) SE Runtime Environment (8.0_191-b12) (build 1.8.0_191-b12)
# Java VM: Java HotSpot(TM) 64-Bit Server VM (25.191-b12 mixed mode linux-amd64 compressed oops)
Heap:
 PSYoungGen      total 91648K, used 34959K [0x000000075a700000, 0x0000000765a00000, 0x00000007c0000000)
  eden space 78848K, 44% used [0x000000075a700000,0x000000075c923e98,0x000000075f400000)
  from space 12800K, 0% used [0x0000000760080000,0x0000000760080000,0x0000000760d00000)
  to   space 12800K, 0% used [0x000000075f400000,0x000000075f400000,0x0000000760080000)
 ParOldGen       total 117760K, used 7131K [0x000000068f400000, 0x0000000696700000, 0x000000075a700000)
  object space 117760K, 6% used [0x000000068f400000,0x000000068faf6c80,0x0000000696700000)
 Metaspace       used 24627K, capacity 24878K, committed 25088K, reserved 1071104K
  class space    used 3194K, capacity 3283K, committed 3328K, reserved 1048576K
GC Heap History (6 events):
Event: 1,272 GC heap before
{Heap before GC invocations=1 (full 0):
 PSYoungGen      total 91648K, used 78848K [0x000000075a700000, 0x0000000760d00000, 0x00000007c0000000)
  eden space 78848K, 100% used [0x000000075a700000,0x000000075f400000,0x000000075f400000)
  from space 12800K, 0% used [0x0000000760080000,0x0000000760080000,0x0000000760d00000)
  to   space 12800K, 0% used [0x000000075f400000,0x000000075f400000,0x0000000760080000)
 ParOldGen       total 208896K, used 0K [0x000000068f400000, 0x000000069c000000, 0x000000075a700000)
  object space 208896K, 0% used [0x000000068f400000,0x000000068f400000,0x000000069c000000)
 Metaspace       used 20529K, capacity 20748K, committed 20992K, reserved 1067008K
  class space    used 2656K, capacity 2722K, committed 2816K, reserved 1048576K
Event: 1,284 GC heap after
Heap after GC invocations=1 (full 0):
 PSYoungGen      total 91648K, used 12780K [0x000000075a700000, 0x0000000760d00000, 0x00000007c0000000)
  eden space 78848K, 0% used [0x000000075a700000,0x000000075a700000,0x000000075f400000)
  from space 12800K, 99% used [0x000000075f400000,0x000000076007b0f0,0x0000000760080000)
  to   space 12800K, 0% used [0x0000000760080000,0x0000000760080000,0x0000000760d00000)
 ParOldGen       total 208896K, used 5406K [0x000000068f400000, 0x000000069c000000, 0x000000075a700000)
  object space 208896K, 2% used [0x000000068f400000,0x000000068f9479d0,0x000000069c000000)
 Metaspace       used 20529K, capacity 20748K, committed 20992K, reserved 1067008K
  class space    used 2656K, capacity 2722K, committed 2816K, reserved 1048576K
}
Event: 1,338 GC heap before
{Heap before GC invocations=2 (full 0):
 PSYoungGen      total 91648K, used 16594K [0x000000075a700000, 0x0000000760d00000, 0x00000007c0000000)
  eden space 78848K, 4% used [0x000000075a700000,0x000000075aab9810,0x000000075f400000)
  from space 12800K, 99% used [0x000000075f400000,0x000000076007b0f0,0x0000000760080000)
  to   space 12800K, 0% used [0x0000000760080000,0x0000000760080000,0x0000000760d00000)
 ParOldGen       total 208896K, used 5406K [0x000000068f400000, 0x000000069c000000, 0x000000075a700000)
  object space 208896K, 2% used [0x000000068f400000,0x000000068f9479d0,0x000000069c000000)
 Metaspace       used 20988K, capacity 21124K, committed 21296K, reserved 1069056K
  class space    used 2713K, capacity 2758K, committed 2816K, reserved 1048576K
Event: 1,345 GC heap after
Heap after GC invocations=2 (full 0):
 PSYoungGen      total 91648K, used 6729K [0x000000075a700000, 0x0000000765a00000, 0x00000007c0000000)
  eden space 78848K, 0% used [0x000000075a700000,0x000000075a700000,0x000000075f400000)
  from space 12800K, 52% used [0x0000000760080000,0x0000000760712418,0x0000000760d00000)
  to   space 12800K, 0% used [0x000000075f400000,0x000000075f400000,0x0000000760080000)
 ParOldGen       total 208896K, used 5414K [0x000000068f400000, 0x000000069c000000, 0x000000075a700000)
  object space 208896K, 2% used [0x000000068f400000,0x000000068f9499d0,0x000000069c000000)
 Metaspace       used 20988K, capacity 21124K, committed 21296K, reserved 1069056K
  class space    used 2713K, capacity 2758K, committed 2816K, reserved 1048576K
}
Event: 1,345 GC heap before
{Heap before GC invocations=3 (full 1):
 PSYoungGen      total 91648K, used 6729K [0x000000075a700000, 0x0000000765a00000, 0x00000007c0000000)
  eden space 78848K, 0% used [0x000000075a700000,0x000000075a700000,0x000000075f400000)
  from space 12800K, 52% used [0x0000000760080000,0x0000000760712418,0x0000000760d00000)
  to   space 12800K, 0% used [0x000000075f400000,0x000000075f400000,0x0000000760080000)
 ParOldGen       total 208896K, used 5414K [0x000000068f400000, 0x000000069c000000, 0x000000075a700000)
  object space 208896K, 2% used [0x000000068f400000,0x000000068f9499d0,0x000000069c000000)
 Metaspace       used 20988K, capacity 21124K, committed 21296K, reserved 1069056K
  class space    used 2713K, capacity 2758K, committed 2816K, reserved 1048576K
Event: 1,382 GC heap after
Heap after GC invocations=3 (full 1):
 PSYoungGen      total 91648K, used 0K [0x000000075a700000, 0x0000000765a00000, 0x00000007c0000000)
  eden space 78848K, 0% used [0x000000075a700000,0x000000075a700000,0x000000075f400000)
  from space 12800K, 0% used [0x0000000760080000,0x0000000760080000,0x0000000760d00000)
  to   space 12800K, 0% used [0x000000075f400000,0x000000075f400000,0x0000000760080000)
 ParOldGen       total 117760K, used 7131K [0x000000068f400000, 0x0000000696700000, 0x000000075a700000)
  object space 117760K, 6% used [0x000000068f400000,0x000000068faf6c80,0x0000000696700000)
 Metaspace       used 20988K, capacity 21124K, committed 21296K, reserved 1069056K
  class space    used 2713K, capacity 2758K, committed 2816K, reserved 1048576K
}

